[2017-11-17 16:04:06.414] [INFO] resLogger - 
*************** response log start ***************
request method: POST
request originalUrl:  /api/users/login
request client ip:  ::1
request body: 
{"userName":"qichangjun","password":"123abc"}
response time: 6
response status: 200
response body: 
"{\n  \"code\": 1,\n  \"message\": \"success\",\n  \"data\": {\n    \"token\": \"eyJhbGciOiJIUzI1NiIsInR5cCI6IkpXVCJ9.eyJ1c2VyX2lkIjoiNTlmYmUwZjVjZTg4MDkwN2MyMGI1OWNlIiwiaWF0IjoxNTEwOTA1ODQ2LCJleHAiOjE1MTA5NDkwNDZ9.SI3a_DJ3kM4pGTI-ZeEJ4ThuTaTUCc4xme77iEzKVGQ\",\n    \"userName\": \"qichangjun\",\n    \"role\": \"admin\"\n  }\n}"
*************** response log end ***************

[2017-11-17 16:04:06.851] [INFO] resLogger - 
*************** response log start ***************
request method: POST
request originalUrl:  /api/art/getArticleLists
request client ip:  ::1
request body: 
{"currentPage":1,"pageSize":10,"sortField":"lastReplyTime","totalElement":1,"token":"eyJhbGciOiJIUzI1NiIsInR5cCI6IkpXVCJ9.eyJ1c2VyX2lkIjoiNTlmYmUwZjVjZTg4MDkwN2MyMGI1OWNlIiwiaWF0IjoxNTEwOTA1ODQ2LCJleHAiOjE1MTA5NDkwNDZ9.SI3a_DJ3kM4pGTI-ZeEJ4ThuTaTUCc4xme77iEzKVGQ"}
response time: 6
response status: 200
response body: 
"{\n  \"code\": 1,\n  \"message\": \"操作成功\",\n  \"data\": {\n    \"data\": [\n      {\n        \"_id\": \"5a0e8b7f49b148371be1f96f\",\n        \"title\": \"vedvde\",\n        \"content\": \"vdve\",\n        \"author\": \"qichangjun\",\n        \"lastReplyTime\": \"2017-11-17T07:53:04.704Z\",\n        \"__v\": 0,\n        \"replyList\": [\n          {\n            \"userName\": \"qichangjun\",\n            \"content\": \"dd\",\n            \"_id\": \"5a0e8cd449b148371be1f971\",\n            \"replyChildList\": [],\n            \"replyTime\": \"2017-11-17T07:16:36.427Z\"\n          },\n          {\n            \"userName\": \"qichangjun\",\n            \"content\": \"ddcc\",\n            \"_id\": \"5a0e8cd849b148371be1f972\",\n            \"replyChildList\": [],\n            \"replyTime\": \"2017-11-17T07:16:40.748Z\"\n          },\n          {\n            \"userName\": \"qichangjun\",\n            \"content\": \"ddccxxsa\",\n            \"_id\": \"5a0e8cdb49b148371be1f973\",\n            \"replyChildList\": [],\n            \"replyTime\": \"2017-11-17T07:16:43.954Z\"\n          },\n          {\n            \"userName\": \"qichangjun\",\n            \"content\": \"![32f8b3d82fc63.jpg](http://7xpyje.com1.z0.glb.clouddn.com/32f8b3d82fc63.jpg)\",\n            \"_id\": \"5a0e956027648c3bc64a8f77\",\n            \"replyChildList\": [],\n            \"replyTime\": \"2017-11-17T07:53:04.705Z\"\n          }\n        ],\n        \"replyNum\": 4,\n        \"viewed\": 18,\n        \"creatDate\": \"2017-11-17T07:10:55.336Z\"\n      },\n      {\n        \"_id\": \"5a0e8b7949b148371be1f96e\",\n        \"title\": \"fvf\",\n        \"content\": \"fvfv\",\n        \"author\": \"qichangjun\",\n        \"lastReplyTime\": \"2017-11-17T07:10:49.242Z\",\n        \"__v\": 0,\n        \"replyList\": [],\n        \"replyNum\": 0,\n        \"viewed\": 0,\n        \"creatDate\": \"2017-11-17T07:10:49.242Z\"\n      },\n      {\n        \"_id\": \"5a0e8b7449b148371be1f96d\",\n        \"title\": \"dvdv\",\n        \"content\": \"dvdv\",\n        \"author\": \"qichangjun\",\n        \"lastReplyTime\": \"2017-11-17T07:10:44.618Z\",\n        \"__v\": 0,\n        \"replyList\": [],\n        \"replyNum\": 0,\n        \"viewed\": 0,\n        \"creatDate\": \"2017-11-17T07:10:44.618Z\"\n      },\n      {\n        \"_id\": \"5a0e8b7049b148371be1f96c\",\n        \"title\": \"avav\",\n        \"content\": \"avava\",\n        \"author\": \"qichangjun\",\n        \"lastReplyTime\": \"2017-11-17T07:10:40.363Z\",\n        \"__v\": 0,\n        \"replyList\": [],\n        \"replyNum\": 0,\n        \"viewed\": 0,\n        \"creatDate\": \"2017-11-17T07:10:40.363Z\"\n      },\n      {\n        \"_id\": \"5a0e8b6b49b148371be1f96b\",\n        \"title\": \"wc\",\n        \"content\": \"wcwcc\",\n        \"author\": \"qichangjun\",\n        \"lastReplyTime\": \"2017-11-17T07:10:35.909Z\",\n        \"__v\": 0,\n        \"replyList\": [],\n        \"replyNum\": 0,\n        \"viewed\": 0,\n        \"creatDate\": \"2017-11-17T07:10:35.909Z\"\n      },\n      {\n        \"_id\": \"5a0e8b6849b148371be1f96a\",\n        \"title\": \"wc\",\n        \"content\": \"wcw\",\n        \"author\": \"qichangjun\",\n        \"lastReplyTime\": \"2017-11-17T07:10:32.066Z\",\n        \"__v\": 0,\n        \"replyList\": [],\n        \"replyNum\": 0,\n        \"viewed\": 0,\n        \"creatDate\": \"2017-11-17T07:10:32.066Z\"\n      },\n      {\n        \"_id\": \"5a0e8b4c49b148371be1f969\",\n        \"title\": \"vwvw\",\n        \"content\": \"wvwvw\",\n        \"author\": \"qichangjun\",\n        \"lastReplyTime\": \"2017-11-17T07:10:04.475Z\",\n        \"__v\": 0,\n        \"replyList\": [],\n        \"replyNum\": 0,\n        \"viewed\": 0,\n        \"creatDate\": \"2017-11-17T07:10:04.475Z\"\n      },\n      {\n        \"_id\": \"5a0e8b4849b148371be1f968\",\n        \"title\": \"qd\",\n        \"content\": \"wdqd\",\n        \"author\": \"qichangjun\",\n        \"lastReplyTime\": \"2017-11-17T07:10:00.029Z\",\n        \"__v\": 0,\n        \"replyList\": [],\n        \"replyNum\": 0,\n        \"viewed\": 0,\n        \"creatDate\": \"2017-11-17T07:10:00.029Z\"\n      },\n      {\n        \"_id\": \"5a0e8b4249b148371be1f967\",\n        \"title\": \"de\",\n        \"content\": \"edede\",\n        \"author\": \"qichangjun\",\n        \"lastReplyTime\": \"2017-11-17T07:09:54.685Z\",\n        \"__v\": 0,\n        \"replyList\": [],\n        \"replyNum\": 0,\n        \"viewed\": 0,\n        \"creatDate\": \"2017-11-17T07:09:54.685Z\"\n      },\n      {\n        \"_id\": \"5a0e5fd7706fa732cd90605e\",\n        \"title\": \"操操操操操操aaa\",\n        \"content\": \"11111112222222333\",\n        \"author\": \"qichangjun\",\n        \"lastReplyTime\": \"2017-11-17T04:04:39.502Z\",\n        \"__v\": 0,\n        \"replyList\": [],\n        \"replyNum\": 0,\n        \"viewed\": 9,\n        \"creatDate\": \"2017-11-17T04:04:39.502Z\"\n      }\n    ],\n    \"totalElement\": 18\n  }\n}"
*************** response log end ***************

[2017-11-17 16:04:09.028] [INFO] resLogger - 
*************** response log start ***************
request method: POST
request originalUrl:  /api/art/updateCheckTimes
request client ip:  ::1
request body: 
{"id":"5a0e8b7f49b148371be1f96f","token":"eyJhbGciOiJIUzI1NiIsInR5cCI6IkpXVCJ9.eyJ1c2VyX2lkIjoiNTlmYmUwZjVjZTg4MDkwN2MyMGI1OWNlIiwiaWF0IjoxNTEwOTA1ODQ2LCJleHAiOjE1MTA5NDkwNDZ9.SI3a_DJ3kM4pGTI-ZeEJ4ThuTaTUCc4xme77iEzKVGQ"}
response time: 6
response status: 200
response body: 
"{\n  \"code\": 1,\n  \"message\": \"操作成功\",\n  \"data\": {\n    \"_id\": \"5a0e8b7f49b148371be1f96f\",\n    \"title\": \"vedvde\",\n    \"content\": \"vdve\",\n    \"author\": \"qichangjun\",\n    \"lastReplyTime\": \"2017-11-17T07:53:04.704Z\",\n    \"__v\": 0,\n    \"replyList\": [\n      {\n        \"userName\": \"qichangjun\",\n        \"content\": \"dd\",\n        \"_id\": \"5a0e8cd449b148371be1f971\",\n        \"replyChildList\": [],\n        \"replyTime\": \"2017-11-17T07:16:36.427Z\"\n      },\n      {\n        \"userName\": \"qichangjun\",\n        \"content\": \"ddcc\",\n        \"_id\": \"5a0e8cd849b148371be1f972\",\n        \"replyChildList\": [],\n        \"replyTime\": \"2017-11-17T07:16:40.748Z\"\n      },\n      {\n        \"userName\": \"qichangjun\",\n        \"content\": \"ddccxxsa\",\n        \"_id\": \"5a0e8cdb49b148371be1f973\",\n        \"replyChildList\": [],\n        \"replyTime\": \"2017-11-17T07:16:43.954Z\"\n      },\n      {\n        \"userName\": \"qichangjun\",\n        \"content\": \"![32f8b3d82fc63.jpg](http://7xpyje.com1.z0.glb.clouddn.com/32f8b3d82fc63.jpg)\",\n        \"_id\": \"5a0e956027648c3bc64a8f77\",\n        \"replyChildList\": [],\n        \"replyTime\": \"2017-11-17T07:53:04.705Z\"\n      }\n    ],\n    \"replyNum\": 4,\n    \"viewed\": 19,\n    \"creatDate\": \"2017-11-17T07:10:55.336Z\"\n  }\n}"
*************** response log end ***************

[2017-11-17 16:04:09.030] [INFO] resLogger - 
*************** response log start ***************
request method: GET
request originalUrl:  /api/art/getArticleDetail?id=5a0e8b7f49b148371be1f96f
request client ip:  ::1
request query:  {"id":"5a0e8b7f49b148371be1f96f"}
response time: 3
response status: 200
response body: 
"{\n  \"code\": 1,\n  \"message\": \"操作成功\",\n  \"data\": {\n    \"_id\": \"5a0e8b7f49b148371be1f96f\",\n    \"title\": \"vedvde\",\n    \"content\": \"vdve\",\n    \"author\": \"qichangjun\",\n    \"lastReplyTime\": \"2017-11-17T07:53:04.704Z\",\n    \"__v\": 0,\n    \"replyList\": [\n      {\n        \"userName\": \"qichangjun\",\n        \"content\": \"dd\",\n        \"_id\": \"5a0e8cd449b148371be1f971\",\n        \"replyChildList\": [],\n        \"replyTime\": \"2017-11-17T07:16:36.427Z\"\n      },\n      {\n        \"userName\": \"qichangjun\",\n        \"content\": \"ddcc\",\n        \"_id\": \"5a0e8cd849b148371be1f972\",\n        \"replyChildList\": [],\n        \"replyTime\": \"2017-11-17T07:16:40.748Z\"\n      },\n      {\n        \"userName\": \"qichangjun\",\n        \"content\": \"ddccxxsa\",\n        \"_id\": \"5a0e8cdb49b148371be1f973\",\n        \"replyChildList\": [],\n        \"replyTime\": \"2017-11-17T07:16:43.954Z\"\n      },\n      {\n        \"userName\": \"qichangjun\",\n        \"content\": \"![32f8b3d82fc63.jpg](http://7xpyje.com1.z0.glb.clouddn.com/32f8b3d82fc63.jpg)\",\n        \"_id\": \"5a0e956027648c3bc64a8f77\",\n        \"replyChildList\": [],\n        \"replyTime\": \"2017-11-17T07:53:04.705Z\"\n      }\n    ],\n    \"replyNum\": 4,\n    \"viewed\": 19,\n    \"creatDate\": \"2017-11-17T07:10:55.336Z\"\n  }\n}"
*************** response log end ***************

[2017-11-17 16:04:12.690] [INFO] resLogger - 
*************** response log start ***************
request method: POST
request originalUrl:  /api/art/getArticleLists
request client ip:  ::1
request body: 
{"currentPage":1,"pageSize":10,"sortField":"lastReplyTime","totalElement":1,"token":"eyJhbGciOiJIUzI1NiIsInR5cCI6IkpXVCJ9.eyJ1c2VyX2lkIjoiNTlmYmUwZjVjZTg4MDkwN2MyMGI1OWNlIiwiaWF0IjoxNTEwOTA1ODQ2LCJleHAiOjE1MTA5NDkwNDZ9.SI3a_DJ3kM4pGTI-ZeEJ4ThuTaTUCc4xme77iEzKVGQ"}
response time: 4
response status: 200
response body: 
"{\n  \"code\": 1,\n  \"message\": \"操作成功\",\n  \"data\": {\n    \"data\": [\n      {\n        \"_id\": \"5a0e8b7f49b148371be1f96f\",\n        \"title\": \"vedvde\",\n        \"content\": \"vdve\",\n        \"author\": \"qichangjun\",\n        \"lastReplyTime\": \"2017-11-17T07:53:04.704Z\",\n        \"__v\": 0,\n        \"replyList\": [\n          {\n            \"userName\": \"qichangjun\",\n            \"content\": \"dd\",\n            \"_id\": \"5a0e8cd449b148371be1f971\",\n            \"replyChildList\": [],\n            \"replyTime\": \"2017-11-17T07:16:36.427Z\"\n          },\n          {\n            \"userName\": \"qichangjun\",\n            \"content\": \"ddcc\",\n            \"_id\": \"5a0e8cd849b148371be1f972\",\n            \"replyChildList\": [],\n            \"replyTime\": \"2017-11-17T07:16:40.748Z\"\n          },\n          {\n            \"userName\": \"qichangjun\",\n            \"content\": \"ddccxxsa\",\n            \"_id\": \"5a0e8cdb49b148371be1f973\",\n            \"replyChildList\": [],\n            \"replyTime\": \"2017-11-17T07:16:43.954Z\"\n          },\n          {\n            \"userName\": \"qichangjun\",\n            \"content\": \"![32f8b3d82fc63.jpg](http://7xpyje.com1.z0.glb.clouddn.com/32f8b3d82fc63.jpg)\",\n            \"_id\": \"5a0e956027648c3bc64a8f77\",\n            \"replyChildList\": [],\n            \"replyTime\": \"2017-11-17T07:53:04.705Z\"\n          }\n        ],\n        \"replyNum\": 4,\n        \"viewed\": 19,\n        \"creatDate\": \"2017-11-17T07:10:55.336Z\"\n      },\n      {\n        \"_id\": \"5a0e8b7949b148371be1f96e\",\n        \"title\": \"fvf\",\n        \"content\": \"fvfv\",\n        \"author\": \"qichangjun\",\n        \"lastReplyTime\": \"2017-11-17T07:10:49.242Z\",\n        \"__v\": 0,\n        \"replyList\": [],\n        \"replyNum\": 0,\n        \"viewed\": 0,\n        \"creatDate\": \"2017-11-17T07:10:49.242Z\"\n      },\n      {\n        \"_id\": \"5a0e8b7449b148371be1f96d\",\n        \"title\": \"dvdv\",\n        \"content\": \"dvdv\",\n        \"author\": \"qichangjun\",\n        \"lastReplyTime\": \"2017-11-17T07:10:44.618Z\",\n        \"__v\": 0,\n        \"replyList\": [],\n        \"replyNum\": 0,\n        \"viewed\": 0,\n        \"creatDate\": \"2017-11-17T07:10:44.618Z\"\n      },\n      {\n        \"_id\": \"5a0e8b7049b148371be1f96c\",\n        \"title\": \"avav\",\n        \"content\": \"avava\",\n        \"author\": \"qichangjun\",\n        \"lastReplyTime\": \"2017-11-17T07:10:40.363Z\",\n        \"__v\": 0,\n        \"replyList\": [],\n        \"replyNum\": 0,\n        \"viewed\": 0,\n        \"creatDate\": \"2017-11-17T07:10:40.363Z\"\n      },\n      {\n        \"_id\": \"5a0e8b6b49b148371be1f96b\",\n        \"title\": \"wc\",\n        \"content\": \"wcwcc\",\n        \"author\": \"qichangjun\",\n        \"lastReplyTime\": \"2017-11-17T07:10:35.909Z\",\n        \"__v\": 0,\n        \"replyList\": [],\n        \"replyNum\": 0,\n        \"viewed\": 0,\n        \"creatDate\": \"2017-11-17T07:10:35.909Z\"\n      },\n      {\n        \"_id\": \"5a0e8b6849b148371be1f96a\",\n        \"title\": \"wc\",\n        \"content\": \"wcw\",\n        \"author\": \"qichangjun\",\n        \"lastReplyTime\": \"2017-11-17T07:10:32.066Z\",\n        \"__v\": 0,\n        \"replyList\": [],\n        \"replyNum\": 0,\n        \"viewed\": 0,\n        \"creatDate\": \"2017-11-17T07:10:32.066Z\"\n      },\n      {\n        \"_id\": \"5a0e8b4c49b148371be1f969\",\n        \"title\": \"vwvw\",\n        \"content\": \"wvwvw\",\n        \"author\": \"qichangjun\",\n        \"lastReplyTime\": \"2017-11-17T07:10:04.475Z\",\n        \"__v\": 0,\n        \"replyList\": [],\n        \"replyNum\": 0,\n        \"viewed\": 0,\n        \"creatDate\": \"2017-11-17T07:10:04.475Z\"\n      },\n      {\n        \"_id\": \"5a0e8b4849b148371be1f968\",\n        \"title\": \"qd\",\n        \"content\": \"wdqd\",\n        \"author\": \"qichangjun\",\n        \"lastReplyTime\": \"2017-11-17T07:10:00.029Z\",\n        \"__v\": 0,\n        \"replyList\": [],\n        \"replyNum\": 0,\n        \"viewed\": 0,\n        \"creatDate\": \"2017-11-17T07:10:00.029Z\"\n      },\n      {\n        \"_id\": \"5a0e8b4249b148371be1f967\",\n        \"title\": \"de\",\n        \"content\": \"edede\",\n        \"author\": \"qichangjun\",\n        \"lastReplyTime\": \"2017-11-17T07:09:54.685Z\",\n        \"__v\": 0,\n        \"replyList\": [],\n        \"replyNum\": 0,\n        \"viewed\": 0,\n        \"creatDate\": \"2017-11-17T07:09:54.685Z\"\n      },\n      {\n        \"_id\": \"5a0e5fd7706fa732cd90605e\",\n        \"title\": \"操操操操操操aaa\",\n        \"content\": \"11111112222222333\",\n        \"author\": \"qichangjun\",\n        \"lastReplyTime\": \"2017-11-17T04:04:39.502Z\",\n        \"__v\": 0,\n        \"replyList\": [],\n        \"replyNum\": 0,\n        \"viewed\": 9,\n        \"creatDate\": \"2017-11-17T04:04:39.502Z\"\n      }\n    ],\n    \"totalElement\": 18\n  }\n}"
*************** response log end ***************

[2017-11-17 16:04:16.005] [INFO] resLogger - 
*************** response log start ***************
request method: POST
request originalUrl:  /api/art/updateCheckTimes
request client ip:  ::1
request body: 
{"id":"5a0e8b7f49b148371be1f96f","token":"eyJhbGciOiJIUzI1NiIsInR5cCI6IkpXVCJ9.eyJ1c2VyX2lkIjoiNTlmYmUwZjVjZTg4MDkwN2MyMGI1OWNlIiwiaWF0IjoxNTEwOTA1ODQ2LCJleHAiOjE1MTA5NDkwNDZ9.SI3a_DJ3kM4pGTI-ZeEJ4ThuTaTUCc4xme77iEzKVGQ"}
response time: 7
response status: 200
response body: 
"{\n  \"code\": 1,\n  \"message\": \"操作成功\",\n  \"data\": {\n    \"_id\": \"5a0e8b7f49b148371be1f96f\",\n    \"title\": \"vedvde\",\n    \"content\": \"vdve\",\n    \"author\": \"qichangjun\",\n    \"lastReplyTime\": \"2017-11-17T07:53:04.704Z\",\n    \"__v\": 0,\n    \"replyList\": [\n      {\n        \"userName\": \"qichangjun\",\n        \"content\": \"dd\",\n        \"_id\": \"5a0e8cd449b148371be1f971\",\n        \"replyChildList\": [],\n        \"replyTime\": \"2017-11-17T07:16:36.427Z\"\n      },\n      {\n        \"userName\": \"qichangjun\",\n        \"content\": \"ddcc\",\n        \"_id\": \"5a0e8cd849b148371be1f972\",\n        \"replyChildList\": [],\n        \"replyTime\": \"2017-11-17T07:16:40.748Z\"\n      },\n      {\n        \"userName\": \"qichangjun\",\n        \"content\": \"ddccxxsa\",\n        \"_id\": \"5a0e8cdb49b148371be1f973\",\n        \"replyChildList\": [],\n        \"replyTime\": \"2017-11-17T07:16:43.954Z\"\n      },\n      {\n        \"userName\": \"qichangjun\",\n        \"content\": \"![32f8b3d82fc63.jpg](http://7xpyje.com1.z0.glb.clouddn.com/32f8b3d82fc63.jpg)\",\n        \"_id\": \"5a0e956027648c3bc64a8f77\",\n        \"replyChildList\": [],\n        \"replyTime\": \"2017-11-17T07:53:04.705Z\"\n      }\n    ],\n    \"replyNum\": 4,\n    \"viewed\": 20,\n    \"creatDate\": \"2017-11-17T07:10:55.336Z\"\n  }\n}"
*************** response log end ***************

[2017-11-17 16:04:16.029] [INFO] resLogger - 
*************** response log start ***************
request method: GET
request originalUrl:  /api/art/getArticleDetail?id=5a0e8b7f49b148371be1f96f
request client ip:  ::1
request query:  {"id":"5a0e8b7f49b148371be1f96f"}
response time: 28
response status: 200
response body: 
"{\n  \"code\": 1,\n  \"message\": \"操作成功\",\n  \"data\": {\n    \"_id\": \"5a0e8b7f49b148371be1f96f\",\n    \"title\": \"vedvde\",\n    \"content\": \"vdve\",\n    \"author\": \"qichangjun\",\n    \"lastReplyTime\": \"2017-11-17T07:53:04.704Z\",\n    \"__v\": 0,\n    \"replyList\": [\n      {\n        \"userName\": \"qichangjun\",\n        \"content\": \"dd\",\n        \"_id\": \"5a0e8cd449b148371be1f971\",\n        \"replyChildList\": [],\n        \"replyTime\": \"2017-11-17T07:16:36.427Z\"\n      },\n      {\n        \"userName\": \"qichangjun\",\n        \"content\": \"ddcc\",\n        \"_id\": \"5a0e8cd849b148371be1f972\",\n        \"replyChildList\": [],\n        \"replyTime\": \"2017-11-17T07:16:40.748Z\"\n      },\n      {\n        \"userName\": \"qichangjun\",\n        \"content\": \"ddccxxsa\",\n        \"_id\": \"5a0e8cdb49b148371be1f973\",\n        \"replyChildList\": [],\n        \"replyTime\": \"2017-11-17T07:16:43.954Z\"\n      },\n      {\n        \"userName\": \"qichangjun\",\n        \"content\": \"![32f8b3d82fc63.jpg](http://7xpyje.com1.z0.glb.clouddn.com/32f8b3d82fc63.jpg)\",\n        \"_id\": \"5a0e956027648c3bc64a8f77\",\n        \"replyChildList\": [],\n        \"replyTime\": \"2017-11-17T07:53:04.705Z\"\n      }\n    ],\n    \"replyNum\": 4,\n    \"viewed\": 19,\n    \"creatDate\": \"2017-11-17T07:10:55.336Z\"\n  }\n}"
*************** response log end ***************

[2017-11-17 16:04:18.994] [INFO] resLogger - 
*************** response log start ***************
request method: POST
request originalUrl:  /api/art/getArticleLists
request client ip:  ::1
request body: 
{"currentPage":1,"pageSize":10,"sortField":"lastReplyTime","totalElement":1,"token":"eyJhbGciOiJIUzI1NiIsInR5cCI6IkpXVCJ9.eyJ1c2VyX2lkIjoiNTlmYmUwZjVjZTg4MDkwN2MyMGI1OWNlIiwiaWF0IjoxNTEwOTA1ODQ2LCJleHAiOjE1MTA5NDkwNDZ9.SI3a_DJ3kM4pGTI-ZeEJ4ThuTaTUCc4xme77iEzKVGQ"}
response time: 5
response status: 200
response body: 
"{\n  \"code\": 1,\n  \"message\": \"操作成功\",\n  \"data\": {\n    \"data\": [\n      {\n        \"_id\": \"5a0e8b7f49b148371be1f96f\",\n        \"title\": \"vedvde\",\n        \"content\": \"vdve\",\n        \"author\": \"qichangjun\",\n        \"lastReplyTime\": \"2017-11-17T07:53:04.704Z\",\n        \"__v\": 0,\n        \"replyList\": [\n          {\n            \"userName\": \"qichangjun\",\n            \"content\": \"dd\",\n            \"_id\": \"5a0e8cd449b148371be1f971\",\n            \"replyChildList\": [],\n            \"replyTime\": \"2017-11-17T07:16:36.427Z\"\n          },\n          {\n            \"userName\": \"qichangjun\",\n            \"content\": \"ddcc\",\n            \"_id\": \"5a0e8cd849b148371be1f972\",\n            \"replyChildList\": [],\n            \"replyTime\": \"2017-11-17T07:16:40.748Z\"\n          },\n          {\n            \"userName\": \"qichangjun\",\n            \"content\": \"ddccxxsa\",\n            \"_id\": \"5a0e8cdb49b148371be1f973\",\n            \"replyChildList\": [],\n            \"replyTime\": \"2017-11-17T07:16:43.954Z\"\n          },\n          {\n            \"userName\": \"qichangjun\",\n            \"content\": \"![32f8b3d82fc63.jpg](http://7xpyje.com1.z0.glb.clouddn.com/32f8b3d82fc63.jpg)\",\n            \"_id\": \"5a0e956027648c3bc64a8f77\",\n            \"replyChildList\": [],\n            \"replyTime\": \"2017-11-17T07:53:04.705Z\"\n          }\n        ],\n        \"replyNum\": 4,\n        \"viewed\": 20,\n        \"creatDate\": \"2017-11-17T07:10:55.336Z\"\n      },\n      {\n        \"_id\": \"5a0e8b7949b148371be1f96e\",\n        \"title\": \"fvf\",\n        \"content\": \"fvfv\",\n        \"author\": \"qichangjun\",\n        \"lastReplyTime\": \"2017-11-17T07:10:49.242Z\",\n        \"__v\": 0,\n        \"replyList\": [],\n        \"replyNum\": 0,\n        \"viewed\": 0,\n        \"creatDate\": \"2017-11-17T07:10:49.242Z\"\n      },\n      {\n        \"_id\": \"5a0e8b7449b148371be1f96d\",\n        \"title\": \"dvdv\",\n        \"content\": \"dvdv\",\n        \"author\": \"qichangjun\",\n        \"lastReplyTime\": \"2017-11-17T07:10:44.618Z\",\n        \"__v\": 0,\n        \"replyList\": [],\n        \"replyNum\": 0,\n        \"viewed\": 0,\n        \"creatDate\": \"2017-11-17T07:10:44.618Z\"\n      },\n      {\n        \"_id\": \"5a0e8b7049b148371be1f96c\",\n        \"title\": \"avav\",\n        \"content\": \"avava\",\n        \"author\": \"qichangjun\",\n        \"lastReplyTime\": \"2017-11-17T07:10:40.363Z\",\n        \"__v\": 0,\n        \"replyList\": [],\n        \"replyNum\": 0,\n        \"viewed\": 0,\n        \"creatDate\": \"2017-11-17T07:10:40.363Z\"\n      },\n      {\n        \"_id\": \"5a0e8b6b49b148371be1f96b\",\n        \"title\": \"wc\",\n        \"content\": \"wcwcc\",\n        \"author\": \"qichangjun\",\n        \"lastReplyTime\": \"2017-11-17T07:10:35.909Z\",\n        \"__v\": 0,\n        \"replyList\": [],\n        \"replyNum\": 0,\n        \"viewed\": 0,\n        \"creatDate\": \"2017-11-17T07:10:35.909Z\"\n      },\n      {\n        \"_id\": \"5a0e8b6849b148371be1f96a\",\n        \"title\": \"wc\",\n        \"content\": \"wcw\",\n        \"author\": \"qichangjun\",\n        \"lastReplyTime\": \"2017-11-17T07:10:32.066Z\",\n        \"__v\": 0,\n        \"replyList\": [],\n        \"replyNum\": 0,\n        \"viewed\": 0,\n        \"creatDate\": \"2017-11-17T07:10:32.066Z\"\n      },\n      {\n        \"_id\": \"5a0e8b4c49b148371be1f969\",\n        \"title\": \"vwvw\",\n        \"content\": \"wvwvw\",\n        \"author\": \"qichangjun\",\n        \"lastReplyTime\": \"2017-11-17T07:10:04.475Z\",\n        \"__v\": 0,\n        \"replyList\": [],\n        \"replyNum\": 0,\n        \"viewed\": 0,\n        \"creatDate\": \"2017-11-17T07:10:04.475Z\"\n      },\n      {\n        \"_id\": \"5a0e8b4849b148371be1f968\",\n        \"title\": \"qd\",\n        \"content\": \"wdqd\",\n        \"author\": \"qichangjun\",\n        \"lastReplyTime\": \"2017-11-17T07:10:00.029Z\",\n        \"__v\": 0,\n        \"replyList\": [],\n        \"replyNum\": 0,\n        \"viewed\": 0,\n        \"creatDate\": \"2017-11-17T07:10:00.029Z\"\n      },\n      {\n        \"_id\": \"5a0e8b4249b148371be1f967\",\n        \"title\": \"de\",\n        \"content\": \"edede\",\n        \"author\": \"qichangjun\",\n        \"lastReplyTime\": \"2017-11-17T07:09:54.685Z\",\n        \"__v\": 0,\n        \"replyList\": [],\n        \"replyNum\": 0,\n        \"viewed\": 0,\n        \"creatDate\": \"2017-11-17T07:09:54.685Z\"\n      },\n      {\n        \"_id\": \"5a0e5fd7706fa732cd90605e\",\n        \"title\": \"操操操操操操aaa\",\n        \"content\": \"11111112222222333\",\n        \"author\": \"qichangjun\",\n        \"lastReplyTime\": \"2017-11-17T04:04:39.502Z\",\n        \"__v\": 0,\n        \"replyList\": [],\n        \"replyNum\": 0,\n        \"viewed\": 9,\n        \"creatDate\": \"2017-11-17T04:04:39.502Z\"\n      }\n    ],\n    \"totalElement\": 18\n  }\n}"
*************** response log end ***************

