[2017-12-05 10:36:15.880] [INFO] resLogger - 
*************** response log start ***************
request method: POST
request originalUrl:  /api/users/login
request client ip:  ::1
request body: 
{"userName":"admin","password":"2017Dctm@1234"}
response time: 2
response status: 404
response body: 
undefined
*************** response log end ***************

[2017-12-05 10:36:19.068] [INFO] resLogger - 
*************** response log start ***************
request method: POST
request originalUrl:  /api/users/login
request client ip:  ::1
request body: 
{"userName":"admin","password":"2017Dctm@1234"}
response time: 0
response status: 404
response body: 
undefined
*************** response log end ***************

[2017-12-05 10:36:25.773] [INFO] resLogger - 
*************** response log start ***************
request method: POST
request originalUrl:  /api/users/login
request client ip:  ::1
request body: 
{"userName":"admin","password":"2017Dctm@1234"}
response time: 0
response status: 404
response body: 
undefined
*************** response log end ***************

[2017-12-05 10:36:52.487] [INFO] resLogger - 
*************** response log start ***************
request method: POST
request originalUrl:  /api/users/login
request client ip:  ::1
request body: 
{"userName":"admin","password":"2017Dctm@1234"}
response time: 153
response status: 200
response body: 
"{\n  \"code\": 1,\n  \"message\": \"success\",\n  \"data\": {\n    \"token\": \"eyJhbGciOiJIUzI1NiIsInR5cCI6IkpXVCJ9.eyJ1c2VyX2lkIjoiNTlmYmNmNmJjZTg4MDkwN2MyMGI1OWNkIiwiaWF0IjoxNTEyNDQxNDEyLCJleHAiOjE1MTI0ODQ2MTJ9.ARr-Rshy4YC8f1NdIYpGbZaMbnaW0IGIYsyBWY8NXk8\",\n    \"userName\": \"admin\",\n    \"role\": \"normal\"\n  }\n}"
*************** response log end ***************

[2017-12-05 10:36:52.618] [INFO] resLogger - 
*************** response log start ***************
request method: GET
request originalUrl:  /api/users/getUserInfo?userName=admin
request client ip:  ::1
request query:  {"userName":"admin"}
response time: 33
response status: 200
response body: 
"{\n  \"code\": 1,\n  \"message\": \"回复成功\",\n  \"data\": {\n    \"userName\": \"admin\",\n    \"registerTime\": \"2017-11-23T07:36:51.931Z\",\n    \"message\": []\n  }\n}"
*************** response log end ***************

[2017-12-05 10:36:52.690] [INFO] resLogger - 
*************** response log start ***************
request method: POST
request originalUrl:  /api/art/getArticleLists
request client ip:  ::1
request body: 
{"currentPage":1,"pageSize":10,"sortField":"lastReplyTime","totalElement":1,"labels":[],"token":"eyJhbGciOiJIUzI1NiIsInR5cCI6IkpXVCJ9.eyJ1c2VyX2lkIjoiNTlmYmNmNmJjZTg4MDkwN2MyMGI1OWNkIiwiaWF0IjoxNTEyNDQxNDEyLCJleHAiOjE1MTI0ODQ2MTJ9.ARr-Rshy4YC8f1NdIYpGbZaMbnaW0IGIYsyBWY8NXk8"}
response time: 143
response status: 200
response body: 
"{\n  \"code\": 1,\n  \"message\": \"操作成功\",\n  \"data\": {\n    \"data\": [\n      {\n        \"_id\": \"5a251436a7e8ed3f576c593a\",\n        \"title\": \"dwdw\",\n        \"content\": \"cadcda\",\n        \"author\": \"admin\",\n        \"lastReplyTime\": \"2017-12-04T09:24:06.126Z\",\n        \"__v\": 0,\n        \"replyList\": [],\n        \"label\": [\n          \"测试标签6\",\n          \"测试标签66\",\n          \"测试标签666\"\n        ],\n        \"replyNum\": 0,\n        \"viewed\": 0,\n        \"creatDate\": \"2017-12-04T09:24:06.126Z\"\n      },\n      {\n        \"_id\": \"5a2514060b137a3f1f1a7cfb\",\n        \"title\": \"dwdw\",\n        \"content\": \"cadcda\",\n        \"author\": \"admin\",\n        \"lastReplyTime\": \"2017-12-04T09:23:18.770Z\",\n        \"__v\": 0,\n        \"replyList\": [],\n        \"label\": [\n          \"测试标签6\",\n          \"测试标签66\",\n          \"测试标签666\"\n        ],\n        \"replyNum\": 0,\n        \"viewed\": 0,\n        \"creatDate\": \"2017-12-04T09:23:18.770Z\"\n      },\n      {\n        \"_id\": \"5a2513f4087c2c3f15266dea\",\n        \"title\": \"dwdw\",\n        \"content\": \"cadcda\",\n        \"author\": \"admin\",\n        \"lastReplyTime\": \"2017-12-04T09:23:00.435Z\",\n        \"__v\": 0,\n        \"replyList\": [],\n        \"label\": [\n          \"测试标签6\",\n          \"测试标签66\",\n          \"测试标签666\"\n        ],\n        \"replyNum\": 0,\n        \"viewed\": 0,\n        \"creatDate\": \"2017-12-04T09:23:00.435Z\"\n      },\n      {\n        \"_id\": \"5a2513b850ff623f12e93022\",\n        \"title\": \"dwdwa\",\n        \"content\": \"fsfafas\",\n        \"author\": \"admin\",\n        \"lastReplyTime\": \"2017-12-04T09:22:00.623Z\",\n        \"__v\": 0,\n        \"replyList\": [],\n        \"label\": [\n          \"测试标签6\",\n          \"测试标签66\",\n          \"测试标签666\"\n        ],\n        \"replyNum\": 0,\n        \"viewed\": 0,\n        \"creatDate\": \"2017-12-04T09:22:00.623Z\"\n      },\n      {\n        \"_id\": \"5a251338c41bca3ec3abade3\",\n        \"title\": \"adcv\",\n        \"content\": \"dfvdfv\",\n        \"author\": \"admin\",\n        \"lastReplyTime\": \"2017-12-04T09:19:52.364Z\",\n        \"__v\": 0,\n        \"replyList\": [],\n        \"label\": [\n          \"测试标签6\",\n          \"测试标签66\",\n          \"测试标签666\"\n        ],\n        \"replyNum\": 0,\n        \"viewed\": 0,\n        \"creatDate\": \"2017-12-04T09:19:52.364Z\"\n      },\n      {\n        \"_id\": \"5a2512f3f80b733e9f390e2c\",\n        \"title\": \"fef\",\n        \"content\": \"frefe\",\n        \"author\": \"admin\",\n        \"lastReplyTime\": \"2017-12-04T09:18:43.463Z\",\n        \"__v\": 0,\n        \"replyList\": [],\n        \"label\": [\n          \"测试标签6\",\n          \"测试标签66\",\n          \"测试标签666\"\n        ],\n        \"replyNum\": 0,\n        \"viewed\": 0,\n        \"creatDate\": \"2017-12-04T09:18:43.463Z\"\n      },\n      {\n        \"_id\": \"5a251294c294cd3e7546594c\",\n        \"title\": \"adadw\",\n        \"content\": \"dwadwad\",\n        \"author\": \"admin\",\n        \"lastReplyTime\": \"2017-12-04T09:17:08.713Z\",\n        \"__v\": 0,\n        \"replyList\": [],\n        \"label\": [\n          \"测试标签6\",\n          \"测试标签66\",\n          \"测试标签666\"\n        ],\n        \"replyNum\": 0,\n        \"viewed\": 0,\n        \"creatDate\": \"2017-12-04T09:17:08.713Z\"\n      },\n      {\n        \"_id\": \"5a25128bc294cd3e75465948\",\n        \"title\": \"dasc\",\n        \"content\": \"sdcsd\",\n        \"author\": \"admin\",\n        \"lastReplyTime\": \"2017-12-04T09:16:59.313Z\",\n        \"__v\": 0,\n        \"replyList\": [],\n        \"label\": [\n          \"测试标签6\",\n          \"测试标签66\",\n          \"测试标签666\"\n        ],\n        \"replyNum\": 0,\n        \"viewed\": 0,\n        \"creatDate\": \"2017-12-04T09:16:59.314Z\"\n      },\n      {\n        \"_id\": \"5a25125d263b883e540199b4\",\n        \"title\": \"dwedw\",\n        \"content\": \"fefwefwe\",\n        \"author\": \"admin\",\n        \"lastReplyTime\": \"2017-12-04T09:16:13.962Z\",\n        \"__v\": 0,\n        \"replyList\": [],\n        \"label\": [\n          \"测试标签4\",\n          \"测试标签5\"\n        ],\n        \"replyNum\": 0,\n        \"viewed\": 0,\n        \"creatDate\": \"2017-12-04T09:16:13.962Z\"\n      },\n      {\n        \"_id\": \"5a25124b263b883e540199b1\",\n        \"title\": \"dasd\",\n        \"content\": \"ewfefw\",\n        \"author\": \"admin\",\n        \"lastReplyTime\": \"2017-12-04T09:15:55.189Z\",\n        \"__v\": 0,\n        \"replyList\": [],\n        \"label\": [\n          \"测试标签4\",\n          \"测试标签5\"\n        ],\n        \"replyNum\": 0,\n        \"viewed\": 0,\n        \"creatDate\": \"2017-12-04T09:15:55.190Z\"\n      }\n    ],\n    \"totalElement\": 47\n  }\n}"
*************** response log end ***************

[2017-12-05 10:36:52.714] [INFO] resLogger - 
*************** response log start ***************
request method: POST
request originalUrl:  /api/label/getLabelLists
request client ip:  ::1
request body: 
{"token":"eyJhbGciOiJIUzI1NiIsInR5cCI6IkpXVCJ9.eyJ1c2VyX2lkIjoiNTlmYmNmNmJjZTg4MDkwN2MyMGI1OWNkIiwiaWF0IjoxNTEyNDQxNDEyLCJleHAiOjE1MTI0ODQ2MTJ9.ARr-Rshy4YC8f1NdIYpGbZaMbnaW0IGIYsyBWY8NXk8","keyword":""}
response time: 165
response status: 200
response body: 
"{\n  \"code\": 1,\n  \"message\": \"操作成功\",\n  \"data\": [\n    {\n      \"_id\": \"5a25128bc294cd3e75465949\",\n      \"name\": \"测试标签6\",\n      \"__v\": 0,\n      \"number\": 5\n    },\n    {\n      \"_id\": \"5a13dcca314c147535a700b5\",\n      \"name\": \"angular\",\n      \"__v\": 0,\n      \"number\": 3\n    },\n    {\n      \"_id\": \"5a250f969d9e933b1ac13aaa\",\n      \"name\": \"aaa\",\n      \"__v\": 0,\n      \"number\": 3\n    },\n    {\n      \"_id\": \"5a25118e442e2d3dd32c9b6c\",\n      \"name\": \"测试标签2\",\n      \"__v\": 0,\n      \"number\": 3\n    },\n    {\n      \"_id\": \"5a25104041c36b3d7652c38b\",\n      \"name\": \"wwww\",\n      \"__v\": 0,\n      \"number\": 2\n    },\n    {\n      \"_id\": \"5a25118e442e2d3dd32c9b6d\",\n      \"name\": \"测试标签3\",\n      \"__v\": 0,\n      \"number\": 2\n    },\n    {\n      \"_id\": \"5a25124b263b883e540199b2\",\n      \"name\": \"测试标签4\",\n      \"__v\": 0,\n      \"number\": 2\n    },\n    {\n      \"_id\": \"5a25128bc294cd3e7546594a\",\n      \"name\": \"测试标签66\",\n      \"__v\": 0,\n      \"number\": 2\n    },\n    {\n      \"_id\": \"5a25128bc294cd3e7546594b\",\n      \"name\": \"测试标签666\",\n      \"__v\": 0,\n      \"number\": 2\n    },\n    {\n      \"_id\": \"5a13dcca314c147535a700b6\",\n      \"name\": \"javascript\",\n      \"__v\": 0,\n      \"number\": 1\n    }\n  ]\n}"
*************** response log end ***************

[2017-12-05 10:44:39.621] [INFO] resLogger - 
*************** response log start ***************
request method: GET
request originalUrl:  /api/users/getUserInfo?userName=admin
request client ip:  ::1
request query:  {"userName":"admin"}
response time: 38
response status: 200
response body: 
"{\n  \"code\": 1,\n  \"message\": \"回复成功\",\n  \"data\": {\n    \"userName\": \"admin\",\n    \"registerTime\": \"2017-11-23T07:36:51.931Z\",\n    \"message\": []\n  }\n}"
*************** response log end ***************

[2017-12-05 10:44:39.632] [INFO] resLogger - 
*************** response log start ***************
request method: POST
request originalUrl:  /api/label/getLabelLists
request client ip:  ::1
request body: 
{"token":"eyJhbGciOiJIUzI1NiIsInR5cCI6IkpXVCJ9.eyJ1c2VyX2lkIjoiNTlmYmNmNmJjZTg4MDkwN2MyMGI1OWNkIiwiaWF0IjoxNTEyNDQxNDEyLCJleHAiOjE1MTI0ODQ2MTJ9.ARr-Rshy4YC8f1NdIYpGbZaMbnaW0IGIYsyBWY8NXk8","keyword":""}
response time: 21
response status: 200
response body: 
"{\n  \"code\": 1,\n  \"message\": \"操作成功\",\n  \"data\": [\n    {\n      \"_id\": \"5a25128bc294cd3e75465949\",\n      \"name\": \"测试标签6\",\n      \"__v\": 0,\n      \"number\": 5\n    },\n    {\n      \"_id\": \"5a13dcca314c147535a700b5\",\n      \"name\": \"angular\",\n      \"__v\": 0,\n      \"number\": 3\n    },\n    {\n      \"_id\": \"5a250f969d9e933b1ac13aaa\",\n      \"name\": \"aaa\",\n      \"__v\": 0,\n      \"number\": 3\n    },\n    {\n      \"_id\": \"5a25118e442e2d3dd32c9b6c\",\n      \"name\": \"测试标签2\",\n      \"__v\": 0,\n      \"number\": 3\n    },\n    {\n      \"_id\": \"5a25104041c36b3d7652c38b\",\n      \"name\": \"wwww\",\n      \"__v\": 0,\n      \"number\": 2\n    },\n    {\n      \"_id\": \"5a25118e442e2d3dd32c9b6d\",\n      \"name\": \"测试标签3\",\n      \"__v\": 0,\n      \"number\": 2\n    },\n    {\n      \"_id\": \"5a25124b263b883e540199b2\",\n      \"name\": \"测试标签4\",\n      \"__v\": 0,\n      \"number\": 2\n    },\n    {\n      \"_id\": \"5a25128bc294cd3e7546594a\",\n      \"name\": \"测试标签66\",\n      \"__v\": 0,\n      \"number\": 2\n    },\n    {\n      \"_id\": \"5a25128bc294cd3e7546594b\",\n      \"name\": \"测试标签666\",\n      \"__v\": 0,\n      \"number\": 2\n    },\n    {\n      \"_id\": \"5a13dcca314c147535a700b6\",\n      \"name\": \"javascript\",\n      \"__v\": 0,\n      \"number\": 1\n    }\n  ]\n}"
*************** response log end ***************

[2017-12-05 10:44:39.636] [INFO] resLogger - 
*************** response log start ***************
request method: POST
request originalUrl:  /api/art/getArticleLists
request client ip:  ::1
request body: 
{"currentPage":1,"pageSize":10,"sortField":"lastReplyTime","totalElement":1,"labels":[],"token":"eyJhbGciOiJIUzI1NiIsInR5cCI6IkpXVCJ9.eyJ1c2VyX2lkIjoiNTlmYmNmNmJjZTg4MDkwN2MyMGI1OWNkIiwiaWF0IjoxNTEyNDQxNDEyLCJleHAiOjE1MTI0ODQ2MTJ9.ARr-Rshy4YC8f1NdIYpGbZaMbnaW0IGIYsyBWY8NXk8"}
response time: 27
response status: 200
response body: 
"{\n  \"code\": 1,\n  \"message\": \"操作成功\",\n  \"data\": {\n    \"data\": [\n      {\n        \"_id\": \"5a251436a7e8ed3f576c593a\",\n        \"title\": \"dwdw\",\n        \"content\": \"cadcda\",\n        \"author\": \"admin\",\n        \"lastReplyTime\": \"2017-12-04T09:24:06.126Z\",\n        \"__v\": 0,\n        \"replyList\": [],\n        \"label\": [\n          \"测试标签6\",\n          \"测试标签66\",\n          \"测试标签666\"\n        ],\n        \"replyNum\": 0,\n        \"viewed\": 0,\n        \"creatDate\": \"2017-12-04T09:24:06.126Z\"\n      },\n      {\n        \"_id\": \"5a2514060b137a3f1f1a7cfb\",\n        \"title\": \"dwdw\",\n        \"content\": \"cadcda\",\n        \"author\": \"admin\",\n        \"lastReplyTime\": \"2017-12-04T09:23:18.770Z\",\n        \"__v\": 0,\n        \"replyList\": [],\n        \"label\": [\n          \"测试标签6\",\n          \"测试标签66\",\n          \"测试标签666\"\n        ],\n        \"replyNum\": 0,\n        \"viewed\": 0,\n        \"creatDate\": \"2017-12-04T09:23:18.770Z\"\n      },\n      {\n        \"_id\": \"5a2513f4087c2c3f15266dea\",\n        \"title\": \"dwdw\",\n        \"content\": \"cadcda\",\n        \"author\": \"admin\",\n        \"lastReplyTime\": \"2017-12-04T09:23:00.435Z\",\n        \"__v\": 0,\n        \"replyList\": [],\n        \"label\": [\n          \"测试标签6\",\n          \"测试标签66\",\n          \"测试标签666\"\n        ],\n        \"replyNum\": 0,\n        \"viewed\": 0,\n        \"creatDate\": \"2017-12-04T09:23:00.435Z\"\n      },\n      {\n        \"_id\": \"5a2513b850ff623f12e93022\",\n        \"title\": \"dwdwa\",\n        \"content\": \"fsfafas\",\n        \"author\": \"admin\",\n        \"lastReplyTime\": \"2017-12-04T09:22:00.623Z\",\n        \"__v\": 0,\n        \"replyList\": [],\n        \"label\": [\n          \"测试标签6\",\n          \"测试标签66\",\n          \"测试标签666\"\n        ],\n        \"replyNum\": 0,\n        \"viewed\": 0,\n        \"creatDate\": \"2017-12-04T09:22:00.623Z\"\n      },\n      {\n        \"_id\": \"5a251338c41bca3ec3abade3\",\n        \"title\": \"adcv\",\n        \"content\": \"dfvdfv\",\n        \"author\": \"admin\",\n        \"lastReplyTime\": \"2017-12-04T09:19:52.364Z\",\n        \"__v\": 0,\n        \"replyList\": [],\n        \"label\": [\n          \"测试标签6\",\n          \"测试标签66\",\n          \"测试标签666\"\n        ],\n        \"replyNum\": 0,\n        \"viewed\": 0,\n        \"creatDate\": \"2017-12-04T09:19:52.364Z\"\n      },\n      {\n        \"_id\": \"5a2512f3f80b733e9f390e2c\",\n        \"title\": \"fef\",\n        \"content\": \"frefe\",\n        \"author\": \"admin\",\n        \"lastReplyTime\": \"2017-12-04T09:18:43.463Z\",\n        \"__v\": 0,\n        \"replyList\": [],\n        \"label\": [\n          \"测试标签6\",\n          \"测试标签66\",\n          \"测试标签666\"\n        ],\n        \"replyNum\": 0,\n        \"viewed\": 0,\n        \"creatDate\": \"2017-12-04T09:18:43.463Z\"\n      },\n      {\n        \"_id\": \"5a251294c294cd3e7546594c\",\n        \"title\": \"adadw\",\n        \"content\": \"dwadwad\",\n        \"author\": \"admin\",\n        \"lastReplyTime\": \"2017-12-04T09:17:08.713Z\",\n        \"__v\": 0,\n        \"replyList\": [],\n        \"label\": [\n          \"测试标签6\",\n          \"测试标签66\",\n          \"测试标签666\"\n        ],\n        \"replyNum\": 0,\n        \"viewed\": 0,\n        \"creatDate\": \"2017-12-04T09:17:08.713Z\"\n      },\n      {\n        \"_id\": \"5a25128bc294cd3e75465948\",\n        \"title\": \"dasc\",\n        \"content\": \"sdcsd\",\n        \"author\": \"admin\",\n        \"lastReplyTime\": \"2017-12-04T09:16:59.313Z\",\n        \"__v\": 0,\n        \"replyList\": [],\n        \"label\": [\n          \"测试标签6\",\n          \"测试标签66\",\n          \"测试标签666\"\n        ],\n        \"replyNum\": 0,\n        \"viewed\": 0,\n        \"creatDate\": \"2017-12-04T09:16:59.314Z\"\n      },\n      {\n        \"_id\": \"5a25125d263b883e540199b4\",\n        \"title\": \"dwedw\",\n        \"content\": \"fefwefwe\",\n        \"author\": \"admin\",\n        \"lastReplyTime\": \"2017-12-04T09:16:13.962Z\",\n        \"__v\": 0,\n        \"replyList\": [],\n        \"label\": [\n          \"测试标签4\",\n          \"测试标签5\"\n        ],\n        \"replyNum\": 0,\n        \"viewed\": 0,\n        \"creatDate\": \"2017-12-04T09:16:13.962Z\"\n      },\n      {\n        \"_id\": \"5a25124b263b883e540199b1\",\n        \"title\": \"dasd\",\n        \"content\": \"ewfefw\",\n        \"author\": \"admin\",\n        \"lastReplyTime\": \"2017-12-04T09:15:55.189Z\",\n        \"__v\": 0,\n        \"replyList\": [],\n        \"label\": [\n          \"测试标签4\",\n          \"测试标签5\"\n        ],\n        \"replyNum\": 0,\n        \"viewed\": 0,\n        \"creatDate\": \"2017-12-04T09:15:55.190Z\"\n      }\n    ],\n    \"totalElement\": 47\n  }\n}"
*************** response log end ***************

[2017-12-05 10:44:58.281] [INFO] resLogger - 
*************** response log start ***************
request method: POST
request originalUrl:  /api/users/login
request client ip:  ::1
request body: 
{"userName":"admin","password":"2017Dctm@1234"}
response time: 8
response status: 200
response body: 
"{\n  \"code\": 1,\n  \"message\": \"success\",\n  \"data\": {\n    \"token\": \"eyJhbGciOiJIUzI1NiIsInR5cCI6IkpXVCJ9.eyJ1c2VyX2lkIjoiNTlmYmNmNmJjZTg4MDkwN2MyMGI1OWNkIiwiaWF0IjoxNTEyNDQxODk4LCJleHAiOjE1MTI0ODUwOTh9.5sEY0-yHXsPSpxGXQIDHBU5KDOx8a68o2WxTG3-sdLI\",\n    \"userName\": \"admin\",\n    \"role\": \"normal\"\n  }\n}"
*************** response log end ***************

[2017-12-05 10:44:58.313] [INFO] resLogger - 
*************** response log start ***************
request method: GET
request originalUrl:  /api/users/getUserInfo?userName=admin
request client ip:  ::1
request query:  {"userName":"admin"}
response time: 8
response status: 200
response body: 
"{\n  \"code\": 1,\n  \"message\": \"回复成功\",\n  \"data\": {\n    \"userName\": \"admin\",\n    \"registerTime\": \"2017-11-23T07:36:51.931Z\",\n    \"message\": []\n  }\n}"
*************** response log end ***************

[2017-12-05 10:44:58.330] [INFO] resLogger - 
*************** response log start ***************
request method: POST
request originalUrl:  /api/art/getArticleLists
request client ip:  ::1
request body: 
{"currentPage":1,"pageSize":10,"sortField":"lastReplyTime","totalElement":1,"labels":[],"token":"eyJhbGciOiJIUzI1NiIsInR5cCI6IkpXVCJ9.eyJ1c2VyX2lkIjoiNTlmYmNmNmJjZTg4MDkwN2MyMGI1OWNkIiwiaWF0IjoxNTEyNDQxODk4LCJleHAiOjE1MTI0ODUwOTh9.5sEY0-yHXsPSpxGXQIDHBU5KDOx8a68o2WxTG3-sdLI"}
response time: 14
response status: 200
response body: 
"{\n  \"code\": 1,\n  \"message\": \"操作成功\",\n  \"data\": {\n    \"data\": [\n      {\n        \"_id\": \"5a251436a7e8ed3f576c593a\",\n        \"title\": \"dwdw\",\n        \"content\": \"cadcda\",\n        \"author\": \"admin\",\n        \"lastReplyTime\": \"2017-12-04T09:24:06.126Z\",\n        \"__v\": 0,\n        \"replyList\": [],\n        \"label\": [\n          \"测试标签6\",\n          \"测试标签66\",\n          \"测试标签666\"\n        ],\n        \"replyNum\": 0,\n        \"viewed\": 0,\n        \"creatDate\": \"2017-12-04T09:24:06.126Z\"\n      },\n      {\n        \"_id\": \"5a2514060b137a3f1f1a7cfb\",\n        \"title\": \"dwdw\",\n        \"content\": \"cadcda\",\n        \"author\": \"admin\",\n        \"lastReplyTime\": \"2017-12-04T09:23:18.770Z\",\n        \"__v\": 0,\n        \"replyList\": [],\n        \"label\": [\n          \"测试标签6\",\n          \"测试标签66\",\n          \"测试标签666\"\n        ],\n        \"replyNum\": 0,\n        \"viewed\": 0,\n        \"creatDate\": \"2017-12-04T09:23:18.770Z\"\n      },\n      {\n        \"_id\": \"5a2513f4087c2c3f15266dea\",\n        \"title\": \"dwdw\",\n        \"content\": \"cadcda\",\n        \"author\": \"admin\",\n        \"lastReplyTime\": \"2017-12-04T09:23:00.435Z\",\n        \"__v\": 0,\n        \"replyList\": [],\n        \"label\": [\n          \"测试标签6\",\n          \"测试标签66\",\n          \"测试标签666\"\n        ],\n        \"replyNum\": 0,\n        \"viewed\": 0,\n        \"creatDate\": \"2017-12-04T09:23:00.435Z\"\n      },\n      {\n        \"_id\": \"5a2513b850ff623f12e93022\",\n        \"title\": \"dwdwa\",\n        \"content\": \"fsfafas\",\n        \"author\": \"admin\",\n        \"lastReplyTime\": \"2017-12-04T09:22:00.623Z\",\n        \"__v\": 0,\n        \"replyList\": [],\n        \"label\": [\n          \"测试标签6\",\n          \"测试标签66\",\n          \"测试标签666\"\n        ],\n        \"replyNum\": 0,\n        \"viewed\": 0,\n        \"creatDate\": \"2017-12-04T09:22:00.623Z\"\n      },\n      {\n        \"_id\": \"5a251338c41bca3ec3abade3\",\n        \"title\": \"adcv\",\n        \"content\": \"dfvdfv\",\n        \"author\": \"admin\",\n        \"lastReplyTime\": \"2017-12-04T09:19:52.364Z\",\n        \"__v\": 0,\n        \"replyList\": [],\n        \"label\": [\n          \"测试标签6\",\n          \"测试标签66\",\n          \"测试标签666\"\n        ],\n        \"replyNum\": 0,\n        \"viewed\": 0,\n        \"creatDate\": \"2017-12-04T09:19:52.364Z\"\n      },\n      {\n        \"_id\": \"5a2512f3f80b733e9f390e2c\",\n        \"title\": \"fef\",\n        \"content\": \"frefe\",\n        \"author\": \"admin\",\n        \"lastReplyTime\": \"2017-12-04T09:18:43.463Z\",\n        \"__v\": 0,\n        \"replyList\": [],\n        \"label\": [\n          \"测试标签6\",\n          \"测试标签66\",\n          \"测试标签666\"\n        ],\n        \"replyNum\": 0,\n        \"viewed\": 0,\n        \"creatDate\": \"2017-12-04T09:18:43.463Z\"\n      },\n      {\n        \"_id\": \"5a251294c294cd3e7546594c\",\n        \"title\": \"adadw\",\n        \"content\": \"dwadwad\",\n        \"author\": \"admin\",\n        \"lastReplyTime\": \"2017-12-04T09:17:08.713Z\",\n        \"__v\": 0,\n        \"replyList\": [],\n        \"label\": [\n          \"测试标签6\",\n          \"测试标签66\",\n          \"测试标签666\"\n        ],\n        \"replyNum\": 0,\n        \"viewed\": 0,\n        \"creatDate\": \"2017-12-04T09:17:08.713Z\"\n      },\n      {\n        \"_id\": \"5a25128bc294cd3e75465948\",\n        \"title\": \"dasc\",\n        \"content\": \"sdcsd\",\n        \"author\": \"admin\",\n        \"lastReplyTime\": \"2017-12-04T09:16:59.313Z\",\n        \"__v\": 0,\n        \"replyList\": [],\n        \"label\": [\n          \"测试标签6\",\n          \"测试标签66\",\n          \"测试标签666\"\n        ],\n        \"replyNum\": 0,\n        \"viewed\": 0,\n        \"creatDate\": \"2017-12-04T09:16:59.314Z\"\n      },\n      {\n        \"_id\": \"5a25125d263b883e540199b4\",\n        \"title\": \"dwedw\",\n        \"content\": \"fefwefwe\",\n        \"author\": \"admin\",\n        \"lastReplyTime\": \"2017-12-04T09:16:13.962Z\",\n        \"__v\": 0,\n        \"replyList\": [],\n        \"label\": [\n          \"测试标签4\",\n          \"测试标签5\"\n        ],\n        \"replyNum\": 0,\n        \"viewed\": 0,\n        \"creatDate\": \"2017-12-04T09:16:13.962Z\"\n      },\n      {\n        \"_id\": \"5a25124b263b883e540199b1\",\n        \"title\": \"dasd\",\n        \"content\": \"ewfefw\",\n        \"author\": \"admin\",\n        \"lastReplyTime\": \"2017-12-04T09:15:55.189Z\",\n        \"__v\": 0,\n        \"replyList\": [],\n        \"label\": [\n          \"测试标签4\",\n          \"测试标签5\"\n        ],\n        \"replyNum\": 0,\n        \"viewed\": 0,\n        \"creatDate\": \"2017-12-04T09:15:55.190Z\"\n      }\n    ],\n    \"totalElement\": 47\n  }\n}"
*************** response log end ***************

[2017-12-05 10:44:58.334] [INFO] resLogger - 
*************** response log start ***************
request method: POST
request originalUrl:  /api/label/getLabelLists
request client ip:  ::1
request body: 
{"token":"eyJhbGciOiJIUzI1NiIsInR5cCI6IkpXVCJ9.eyJ1c2VyX2lkIjoiNTlmYmNmNmJjZTg4MDkwN2MyMGI1OWNkIiwiaWF0IjoxNTEyNDQxODk4LCJleHAiOjE1MTI0ODUwOTh9.5sEY0-yHXsPSpxGXQIDHBU5KDOx8a68o2WxTG3-sdLI","keyword":""}
response time: 16
response status: 200
response body: 
"{\n  \"code\": 1,\n  \"message\": \"操作成功\",\n  \"data\": [\n    {\n      \"_id\": \"5a25128bc294cd3e75465949\",\n      \"name\": \"测试标签6\",\n      \"__v\": 0,\n      \"number\": 5\n    },\n    {\n      \"_id\": \"5a13dcca314c147535a700b5\",\n      \"name\": \"angular\",\n      \"__v\": 0,\n      \"number\": 3\n    },\n    {\n      \"_id\": \"5a250f969d9e933b1ac13aaa\",\n      \"name\": \"aaa\",\n      \"__v\": 0,\n      \"number\": 3\n    },\n    {\n      \"_id\": \"5a25118e442e2d3dd32c9b6c\",\n      \"name\": \"测试标签2\",\n      \"__v\": 0,\n      \"number\": 3\n    },\n    {\n      \"_id\": \"5a25104041c36b3d7652c38b\",\n      \"name\": \"wwww\",\n      \"__v\": 0,\n      \"number\": 2\n    },\n    {\n      \"_id\": \"5a25118e442e2d3dd32c9b6d\",\n      \"name\": \"测试标签3\",\n      \"__v\": 0,\n      \"number\": 2\n    },\n    {\n      \"_id\": \"5a25124b263b883e540199b2\",\n      \"name\": \"测试标签4\",\n      \"__v\": 0,\n      \"number\": 2\n    },\n    {\n      \"_id\": \"5a25128bc294cd3e7546594a\",\n      \"name\": \"测试标签66\",\n      \"__v\": 0,\n      \"number\": 2\n    },\n    {\n      \"_id\": \"5a25128bc294cd3e7546594b\",\n      \"name\": \"测试标签666\",\n      \"__v\": 0,\n      \"number\": 2\n    },\n    {\n      \"_id\": \"5a13dcca314c147535a700b6\",\n      \"name\": \"javascript\",\n      \"__v\": 0,\n      \"number\": 1\n    }\n  ]\n}"
*************** response log end ***************

[2017-12-05 10:46:14.011] [INFO] resLogger - 
*************** response log start ***************
request method: POST
request originalUrl:  /api/users/login
request client ip:  ::1
request body: 
{"userName":"admin","password":"2017Dctm@1234"}
response time: 21
response status: 200
response body: 
"{\n  \"code\": 1,\n  \"message\": \"success\",\n  \"data\": {\n    \"token\": \"eyJhbGciOiJIUzI1NiIsInR5cCI6IkpXVCJ9.eyJ1c2VyX2lkIjoiNTlmYmNmNmJjZTg4MDkwN2MyMGI1OWNkIiwiaWF0IjoxNTEyNDQxOTc0LCJleHAiOjE1MTI0ODUxNzR9.zAIAFMrUqli9oOq5SiA28klj70FHvmyG19YYV8BhtQI\",\n    \"userName\": \"admin\",\n    \"role\": \"normal\"\n  }\n}"
*************** response log end ***************

[2017-12-05 10:46:14.039] [INFO] resLogger - 
*************** response log start ***************
request method: GET
request originalUrl:  /api/users/getUserInfo?userName=admin
request client ip:  ::1
request query:  {"userName":"admin"}
response time: 9
response status: 200
response body: 
"{\n  \"code\": 1,\n  \"message\": \"回复成功\",\n  \"data\": {\n    \"userName\": \"admin\",\n    \"registerTime\": \"2017-11-23T07:36:51.931Z\",\n    \"message\": []\n  }\n}"
*************** response log end ***************

[2017-12-05 10:46:14.056] [INFO] resLogger - 
*************** response log start ***************
request method: POST
request originalUrl:  /api/art/getArticleLists
request client ip:  ::1
request body: 
{"currentPage":1,"pageSize":10,"sortField":"lastReplyTime","totalElement":1,"labels":[],"token":"eyJhbGciOiJIUzI1NiIsInR5cCI6IkpXVCJ9.eyJ1c2VyX2lkIjoiNTlmYmNmNmJjZTg4MDkwN2MyMGI1OWNkIiwiaWF0IjoxNTEyNDQxOTc0LCJleHAiOjE1MTI0ODUxNzR9.zAIAFMrUqli9oOq5SiA28klj70FHvmyG19YYV8BhtQI"}
response time: 13
response status: 200
response body: 
"{\n  \"code\": 1,\n  \"message\": \"操作成功\",\n  \"data\": {\n    \"data\": [\n      {\n        \"_id\": \"5a251436a7e8ed3f576c593a\",\n        \"title\": \"dwdw\",\n        \"content\": \"cadcda\",\n        \"author\": \"admin\",\n        \"lastReplyTime\": \"2017-12-04T09:24:06.126Z\",\n        \"__v\": 0,\n        \"replyList\": [],\n        \"label\": [\n          \"测试标签6\",\n          \"测试标签66\",\n          \"测试标签666\"\n        ],\n        \"replyNum\": 0,\n        \"viewed\": 0,\n        \"creatDate\": \"2017-12-04T09:24:06.126Z\"\n      },\n      {\n        \"_id\": \"5a2514060b137a3f1f1a7cfb\",\n        \"title\": \"dwdw\",\n        \"content\": \"cadcda\",\n        \"author\": \"admin\",\n        \"lastReplyTime\": \"2017-12-04T09:23:18.770Z\",\n        \"__v\": 0,\n        \"replyList\": [],\n        \"label\": [\n          \"测试标签6\",\n          \"测试标签66\",\n          \"测试标签666\"\n        ],\n        \"replyNum\": 0,\n        \"viewed\": 0,\n        \"creatDate\": \"2017-12-04T09:23:18.770Z\"\n      },\n      {\n        \"_id\": \"5a2513f4087c2c3f15266dea\",\n        \"title\": \"dwdw\",\n        \"content\": \"cadcda\",\n        \"author\": \"admin\",\n        \"lastReplyTime\": \"2017-12-04T09:23:00.435Z\",\n        \"__v\": 0,\n        \"replyList\": [],\n        \"label\": [\n          \"测试标签6\",\n          \"测试标签66\",\n          \"测试标签666\"\n        ],\n        \"replyNum\": 0,\n        \"viewed\": 0,\n        \"creatDate\": \"2017-12-04T09:23:00.435Z\"\n      },\n      {\n        \"_id\": \"5a2513b850ff623f12e93022\",\n        \"title\": \"dwdwa\",\n        \"content\": \"fsfafas\",\n        \"author\": \"admin\",\n        \"lastReplyTime\": \"2017-12-04T09:22:00.623Z\",\n        \"__v\": 0,\n        \"replyList\": [],\n        \"label\": [\n          \"测试标签6\",\n          \"测试标签66\",\n          \"测试标签666\"\n        ],\n        \"replyNum\": 0,\n        \"viewed\": 0,\n        \"creatDate\": \"2017-12-04T09:22:00.623Z\"\n      },\n      {\n        \"_id\": \"5a251338c41bca3ec3abade3\",\n        \"title\": \"adcv\",\n        \"content\": \"dfvdfv\",\n        \"author\": \"admin\",\n        \"lastReplyTime\": \"2017-12-04T09:19:52.364Z\",\n        \"__v\": 0,\n        \"replyList\": [],\n        \"label\": [\n          \"测试标签6\",\n          \"测试标签66\",\n          \"测试标签666\"\n        ],\n        \"replyNum\": 0,\n        \"viewed\": 0,\n        \"creatDate\": \"2017-12-04T09:19:52.364Z\"\n      },\n      {\n        \"_id\": \"5a2512f3f80b733e9f390e2c\",\n        \"title\": \"fef\",\n        \"content\": \"frefe\",\n        \"author\": \"admin\",\n        \"lastReplyTime\": \"2017-12-04T09:18:43.463Z\",\n        \"__v\": 0,\n        \"replyList\": [],\n        \"label\": [\n          \"测试标签6\",\n          \"测试标签66\",\n          \"测试标签666\"\n        ],\n        \"replyNum\": 0,\n        \"viewed\": 0,\n        \"creatDate\": \"2017-12-04T09:18:43.463Z\"\n      },\n      {\n        \"_id\": \"5a251294c294cd3e7546594c\",\n        \"title\": \"adadw\",\n        \"content\": \"dwadwad\",\n        \"author\": \"admin\",\n        \"lastReplyTime\": \"2017-12-04T09:17:08.713Z\",\n        \"__v\": 0,\n        \"replyList\": [],\n        \"label\": [\n          \"测试标签6\",\n          \"测试标签66\",\n          \"测试标签666\"\n        ],\n        \"replyNum\": 0,\n        \"viewed\": 0,\n        \"creatDate\": \"2017-12-04T09:17:08.713Z\"\n      },\n      {\n        \"_id\": \"5a25128bc294cd3e75465948\",\n        \"title\": \"dasc\",\n        \"content\": \"sdcsd\",\n        \"author\": \"admin\",\n        \"lastReplyTime\": \"2017-12-04T09:16:59.313Z\",\n        \"__v\": 0,\n        \"replyList\": [],\n        \"label\": [\n          \"测试标签6\",\n          \"测试标签66\",\n          \"测试标签666\"\n        ],\n        \"replyNum\": 0,\n        \"viewed\": 0,\n        \"creatDate\": \"2017-12-04T09:16:59.314Z\"\n      },\n      {\n        \"_id\": \"5a25125d263b883e540199b4\",\n        \"title\": \"dwedw\",\n        \"content\": \"fefwefwe\",\n        \"author\": \"admin\",\n        \"lastReplyTime\": \"2017-12-04T09:16:13.962Z\",\n        \"__v\": 0,\n        \"replyList\": [],\n        \"label\": [\n          \"测试标签4\",\n          \"测试标签5\"\n        ],\n        \"replyNum\": 0,\n        \"viewed\": 0,\n        \"creatDate\": \"2017-12-04T09:16:13.962Z\"\n      },\n      {\n        \"_id\": \"5a25124b263b883e540199b1\",\n        \"title\": \"dasd\",\n        \"content\": \"ewfefw\",\n        \"author\": \"admin\",\n        \"lastReplyTime\": \"2017-12-04T09:15:55.189Z\",\n        \"__v\": 0,\n        \"replyList\": [],\n        \"label\": [\n          \"测试标签4\",\n          \"测试标签5\"\n        ],\n        \"replyNum\": 0,\n        \"viewed\": 0,\n        \"creatDate\": \"2017-12-04T09:15:55.190Z\"\n      }\n    ],\n    \"totalElement\": 47\n  }\n}"
*************** response log end ***************

[2017-12-05 10:46:14.064] [INFO] resLogger - 
*************** response log start ***************
request method: POST
request originalUrl:  /api/label/getLabelLists
request client ip:  ::1
request body: 
{"token":"eyJhbGciOiJIUzI1NiIsInR5cCI6IkpXVCJ9.eyJ1c2VyX2lkIjoiNTlmYmNmNmJjZTg4MDkwN2MyMGI1OWNkIiwiaWF0IjoxNTEyNDQxOTc0LCJleHAiOjE1MTI0ODUxNzR9.zAIAFMrUqli9oOq5SiA28klj70FHvmyG19YYV8BhtQI","keyword":""}
response time: 5
response status: 200
response body: 
"{\n  \"code\": 1,\n  \"message\": \"操作成功\",\n  \"data\": [\n    {\n      \"_id\": \"5a25128bc294cd3e75465949\",\n      \"name\": \"测试标签6\",\n      \"__v\": 0,\n      \"number\": 5\n    },\n    {\n      \"_id\": \"5a13dcca314c147535a700b5\",\n      \"name\": \"angular\",\n      \"__v\": 0,\n      \"number\": 3\n    },\n    {\n      \"_id\": \"5a250f969d9e933b1ac13aaa\",\n      \"name\": \"aaa\",\n      \"__v\": 0,\n      \"number\": 3\n    },\n    {\n      \"_id\": \"5a25118e442e2d3dd32c9b6c\",\n      \"name\": \"测试标签2\",\n      \"__v\": 0,\n      \"number\": 3\n    },\n    {\n      \"_id\": \"5a25104041c36b3d7652c38b\",\n      \"name\": \"wwww\",\n      \"__v\": 0,\n      \"number\": 2\n    },\n    {\n      \"_id\": \"5a25118e442e2d3dd32c9b6d\",\n      \"name\": \"测试标签3\",\n      \"__v\": 0,\n      \"number\": 2\n    },\n    {\n      \"_id\": \"5a25124b263b883e540199b2\",\n      \"name\": \"测试标签4\",\n      \"__v\": 0,\n      \"number\": 2\n    },\n    {\n      \"_id\": \"5a25128bc294cd3e7546594a\",\n      \"name\": \"测试标签66\",\n      \"__v\": 0,\n      \"number\": 2\n    },\n    {\n      \"_id\": \"5a25128bc294cd3e7546594b\",\n      \"name\": \"测试标签666\",\n      \"__v\": 0,\n      \"number\": 2\n    },\n    {\n      \"_id\": \"5a13dcca314c147535a700b6\",\n      \"name\": \"javascript\",\n      \"__v\": 0,\n      \"number\": 1\n    }\n  ]\n}"
*************** response log end ***************

[2017-12-05 10:52:01.742] [INFO] resLogger - 
*************** response log start ***************
request method: GET
request originalUrl:  /api/art/getArticleDetail?id=5a251436a7e8ed3f576c593a
request client ip:  ::1
request query:  {"id":"5a251436a7e8ed3f576c593a"}
response time: 73
response status: 200
response body: 
"{\n  \"code\": 1,\n  \"message\": \"操作成功\",\n  \"data\": {\n    \"_id\": \"5a251436a7e8ed3f576c593a\",\n    \"title\": \"dwdw\",\n    \"content\": \"cadcda\",\n    \"author\": \"admin\",\n    \"lastReplyTime\": \"2017-12-04T09:24:06.126Z\",\n    \"__v\": 0,\n    \"replyList\": [],\n    \"label\": [\n      \"测试标签6\",\n      \"测试标签66\",\n      \"测试标签666\"\n    ],\n    \"replyNum\": 0,\n    \"viewed\": 0,\n    \"creatDate\": \"2017-12-04T09:24:06.126Z\"\n  }\n}"
*************** response log end ***************

[2017-12-05 10:52:01.821] [INFO] resLogger - 
*************** response log start ***************
request method: POST
request originalUrl:  /api/art/updateCheckTimes
request client ip:  ::1
request body: 
{"id":"5a251436a7e8ed3f576c593a","token":"eyJhbGciOiJIUzI1NiIsInR5cCI6IkpXVCJ9.eyJ1c2VyX2lkIjoiNTlmYmNmNmJjZTg4MDkwN2MyMGI1OWNkIiwiaWF0IjoxNTEyNDQxOTc0LCJleHAiOjE1MTI0ODUxNzR9.zAIAFMrUqli9oOq5SiA28klj70FHvmyG19YYV8BhtQI"}
response time: 163
response status: 200
response body: 
"{\n  \"code\": 1,\n  \"message\": \"操作成功\",\n  \"data\": {\n    \"_id\": \"5a251436a7e8ed3f576c593a\",\n    \"title\": \"dwdw\",\n    \"content\": \"cadcda\",\n    \"author\": \"admin\",\n    \"lastReplyTime\": \"2017-12-04T09:24:06.126Z\",\n    \"__v\": 0,\n    \"replyList\": [],\n    \"label\": [\n      \"测试标签6\",\n      \"测试标签66\",\n      \"测试标签666\"\n    ],\n    \"replyNum\": 0,\n    \"viewed\": 1,\n    \"creatDate\": \"2017-12-04T09:24:06.126Z\"\n  }\n}"
*************** response log end ***************

