[2017-12-05 14:16:49.751] [INFO] resLogger - 
*************** response log start ***************
request method: GET
request originalUrl:  /string
request client ip:  ::1
request query:  {}
response time: 22
response status: 200
response body: 
"koa2 string"
*************** response log end ***************

[2017-12-05 14:16:49.804] [INFO] resLogger - 
*************** response log start ***************
request method: GET
request originalUrl:  /favicon.ico
request client ip:  ::1
request query:  {}
response time: 1
response status: 200
response body: 
"{\n  \"code\": 0,\n  \"message\": \"error\"\n}"
*************** response log end ***************

[2017-12-05 14:20:13.235] [INFO] resLogger - 
*************** response log start ***************
request method: GET
request originalUrl:  /string
request client ip:  ::1
request query:  {}
response time: 9
response status: 200
response body: 
"koa2 string"
*************** response log end ***************

[2017-12-05 14:20:13.297] [INFO] resLogger - 
*************** response log start ***************
request method: GET
request originalUrl:  /favicon.ico
request client ip:  ::1
request query:  {}
response time: 1
response status: 200
response body: 
"{\n  \"code\": 0,\n  \"message\": \"error\"\n}"
*************** response log end ***************

